
=== Tue Jun 20 16:30:55 2023

Packages were changed.
Update Mode: updateDependencies

The following packages were added:
  com.unity.2d.tilemap@1.0.0
  com.unity.ads@4.4.2
  com.unity.analytics@3.8.1
  com.unity.collab-proxy@2.0.4
  com.unity.ide.visualstudio@2.0.18
  com.unity.ide.vscode@1.2.5
  com.unity.purchasing@4.8.0
  com.unity.xr.legacyinputhelpers@2.1.10
  com.unity.ai.navigation@1.1.3
The following packages were updated:
  com.unity.ide.rider from version 1.1.4 to 3.0.21
  com.unity.postprocessing from version 3.0.3 to 3.2.2
  com.unity.probuilder from version 4.2.3 to 5.0.7
  com.unity.test-framework from version 1.1.22 to 1.1.33
  com.unity.textmeshpro from version 2.0.1 to 3.0.6
  com.unity.timeline from version 1.2.6 to 1.7.4
